{"C:\\Users\\User\\Documents\\GitHub\\MusicCatalog\\src\\constants\\actionsTypes.js": {"path":"C:\\Users\\User\\Documents\\GitHub\\MusicCatalog\\src\\constants\\actionsTypes.js","statementMap":{"0":{"start":{"line":1,"column":27},"end":{"line":1,"column":40}},"1":{"start":{"line":3,"column":26},"end":{"line":3,"column":38}},"2":{"start":{"line":5,"column":26},"end":{"line":5,"column":38}},"3":{"start":{"line":7,"column":34},"end":{"line":7,"column":54}},"4":{"start":{"line":9,"column":32},"end":{"line":9,"column":50}}},"fnMap":{},"branchMap":{},"s":{"0":3,"1":3,"2":3,"3":3,"4":3},"f":{},"b":{},"_coverageSchema":"1a1c01bbd47fc00a2c39e90264f33305004495a9","hash":"98da1a99511e474b310b4548e813068d09460332"}
,"C:\\Users\\User\\Documents\\GitHub\\MusicCatalog\\src\\modules\\Artists\\actions\\index.js": {"path":"C:\\Users\\User\\Documents\\GitHub\\MusicCatalog\\src\\modules\\Artists\\actions\\index.js","statementMap":{"0":{"start":{"line":9,"column":25},"end":{"line":15,"column":2}},"1":{"start":{"line":9,"column":48},"end":{"line":15,"column":1}},"2":{"start":{"line":17,"column":26},"end":{"line":22,"column":1}},"3":{"start":{"line":18,"column":2},"end":{"line":21,"column":4}},"4":{"start":{"line":24,"column":25},"end":{"line":30,"column":2}},"5":{"start":{"line":24,"column":47},"end":{"line":30,"column":1}},"6":{"start":{"line":32,"column":32},"end":{"line":35,"column":2}},"7":{"start":{"line":32,"column":46},"end":{"line":35,"column":1}},"8":{"start":{"line":37,"column":30},"end":{"line":40,"column":2}},"9":{"start":{"line":37,"column":42},"end":{"line":40,"column":1}}},"fnMap":{"0":{"name":"(anonymous_0)","decl":{"start":{"line":9,"column":25},"end":{"line":9,"column":26}},"loc":{"start":{"line":9,"column":48},"end":{"line":15,"column":1}},"line":9},"1":{"name":"(anonymous_1)","decl":{"start":{"line":17,"column":26},"end":{"line":17,"column":27}},"loc":{"start":{"line":17,"column":37},"end":{"line":22,"column":1}},"line":17},"2":{"name":"(anonymous_2)","decl":{"start":{"line":24,"column":25},"end":{"line":24,"column":26}},"loc":{"start":{"line":24,"column":47},"end":{"line":30,"column":1}},"line":24},"3":{"name":"(anonymous_3)","decl":{"start":{"line":32,"column":32},"end":{"line":32,"column":33}},"loc":{"start":{"line":32,"column":46},"end":{"line":35,"column":1}},"line":32},"4":{"name":"(anonymous_4)","decl":{"start":{"line":37,"column":30},"end":{"line":37,"column":31}},"loc":{"start":{"line":37,"column":42},"end":{"line":40,"column":1}},"line":37}},"branchMap":{},"s":{"0":2,"1":3,"2":2,"3":3,"4":2,"5":3,"6":2,"7":24,"8":2,"9":6},"f":{"0":3,"1":3,"2":3,"3":24,"4":6},"b":{},"_coverageSchema":"1a1c01bbd47fc00a2c39e90264f33305004495a9","hash":"b6796e387c8e9e79313c775ff0ec124fb3bab152"}
,"C:\\Users\\User\\Documents\\GitHub\\MusicCatalog\\src\\modules\\Artists\\reducers\\index.js": {"path":"C:\\Users\\User\\Documents\\GitHub\\MusicCatalog\\src\\modules\\Artists\\reducers\\index.js","statementMap":{"0":{"start":{"line":3,"column":29},"end":{"line":7,"column":1}},"1":{"start":{"line":9,"column":30},"end":{"line":35,"column":1}},"2":{"start":{"line":10,"column":2},"end":{"line":34,"column":3}},"3":{"start":{"line":12,"column":6},"end":{"line":15,"column":8}},"4":{"start":{"line":17,"column":28},"end":{"line":17,"column":97}},"5":{"start":{"line":19,"column":6},"end":{"line":22,"column":8}},"6":{"start":{"line":25,"column":28},"end":{"line":25,"column":96}},"7":{"start":{"line":27,"column":6},"end":{"line":30,"column":8}},"8":{"start":{"line":33,"column":6},"end":{"line":33,"column":19}}},"fnMap":{"0":{"name":"(anonymous_0)","decl":{"start":{"line":9,"column":30},"end":{"line":9,"column":31}},"loc":{"start":{"line":9,"column":65},"end":{"line":35,"column":1}},"line":9}},"branchMap":{"0":{"loc":{"start":{"line":9,"column":31},"end":{"line":9,"column":52}},"type":"default-arg","locations":[{"start":{"line":9,"column":39},"end":{"line":9,"column":52}}],"line":9},"1":{"loc":{"start":{"line":10,"column":2},"end":{"line":34,"column":3}},"type":"switch","locations":[{"start":{"line":11,"column":4},"end":{"line":15,"column":8}},{"start":{"line":16,"column":4},"end":{"line":23,"column":5}},{"start":{"line":24,"column":4},"end":{"line":31,"column":5}},{"start":{"line":32,"column":4},"end":{"line":33,"column":19}}],"line":10}},"s":{"0":1,"1":1,"2":4,"3":1,"4":1,"5":1,"6":1,"7":1,"8":1},"f":{"0":4},"b":{"0":[0],"1":[1,1,1,1]},"_coverageSchema":"1a1c01bbd47fc00a2c39e90264f33305004495a9","hash":"0dbc7bda4f8522245f1a44a33a4d8d17be803439"}
,"C:\\Users\\User\\Documents\\GitHub\\MusicCatalog\\src\\modules\\Artists\\selectors\\index.js": {"path":"C:\\Users\\User\\Documents\\GitHub\\MusicCatalog\\src\\modules\\Artists\\selectors\\index.js","statementMap":{"0":{"start":{"line":1,"column":29},"end":{"line":1,"column":66}},"1":{"start":{"line":1,"column":38},"end":{"line":1,"column":66}},"2":{"start":{"line":3,"column":28},"end":{"line":3,"column":86}},"3":{"start":{"line":3,"column":40},"end":{"line":3,"column":86}},"4":{"start":{"line":3,"column":49},"end":{"line":3,"column":86}},"5":{"start":{"line":5,"column":28},"end":{"line":5,"column":84}},"6":{"start":{"line":5,"column":39},"end":{"line":5,"column":84}},"7":{"start":{"line":5,"column":48},"end":{"line":5,"column":84}}},"fnMap":{"0":{"name":"(anonymous_0)","decl":{"start":{"line":1,"column":29},"end":{"line":1,"column":30}},"loc":{"start":{"line":1,"column":38},"end":{"line":1,"column":66}},"line":1},"1":{"name":"(anonymous_1)","decl":{"start":{"line":3,"column":28},"end":{"line":3,"column":29}},"loc":{"start":{"line":3,"column":40},"end":{"line":3,"column":86}},"line":3},"2":{"name":"(anonymous_2)","decl":{"start":{"line":3,"column":40},"end":{"line":3,"column":41}},"loc":{"start":{"line":3,"column":49},"end":{"line":3,"column":86}},"line":3},"3":{"name":"(anonymous_3)","decl":{"start":{"line":5,"column":28},"end":{"line":5,"column":29}},"loc":{"start":{"line":5,"column":39},"end":{"line":5,"column":84}},"line":5},"4":{"name":"(anonymous_4)","decl":{"start":{"line":5,"column":39},"end":{"line":5,"column":40}},"loc":{"start":{"line":5,"column":48},"end":{"line":5,"column":84}},"line":5}},"branchMap":{},"s":{"0":1,"1":1,"2":1,"3":1,"4":1,"5":1,"6":1,"7":1},"f":{"0":1,"1":1,"2":1,"3":1,"4":1},"b":{},"_coverageSchema":"1a1c01bbd47fc00a2c39e90264f33305004495a9","hash":"2a19005d981cf08bb42605edefc54e5f5d0e9497"}
,"C:\\Users\\User\\Documents\\GitHub\\MusicCatalog\\src\\modules\\Artists\\thunks\\index.js": {"path":"C:\\Users\\User\\Documents\\GitHub\\MusicCatalog\\src\\modules\\Artists\\thunks\\index.js","statementMap":{"0":{"start":{"line":7,"column":2},"end":{"line":19,"column":4}},"1":{"start":{"line":8,"column":4},"end":{"line":18,"column":5}},"2":{"start":{"line":9,"column":6},"end":{"line":9,"column":39}},"3":{"start":{"line":11,"column":22},"end":{"line":11,"column":54}},"4":{"start":{"line":13,"column":6},"end":{"line":13,"column":44}},"5":{"start":{"line":15,"column":6},"end":{"line":15,"column":37}},"6":{"start":{"line":17,"column":6},"end":{"line":17,"column":40}},"7":{"start":{"line":23,"column":2},"end":{"line":36,"column":4}},"8":{"start":{"line":24,"column":4},"end":{"line":35,"column":5}},"9":{"start":{"line":25,"column":6},"end":{"line":25,"column":39}},"10":{"start":{"line":27,"column":21},"end":{"line":27,"column":54}},"11":{"start":{"line":28,"column":28},"end":{"line":28,"column":51}},"12":{"start":{"line":30,"column":6},"end":{"line":30,"column":51}},"13":{"start":{"line":32,"column":6},"end":{"line":32,"column":37}},"14":{"start":{"line":34,"column":6},"end":{"line":34,"column":40}},"15":{"start":{"line":40,"column":2},"end":{"line":53,"column":4}},"16":{"start":{"line":41,"column":4},"end":{"line":52,"column":5}},"17":{"start":{"line":42,"column":6},"end":{"line":42,"column":39}},"18":{"start":{"line":44,"column":21},"end":{"line":44,"column":53}},"19":{"start":{"line":45,"column":28},"end":{"line":45,"column":51}},"20":{"start":{"line":47,"column":6},"end":{"line":47,"column":50}},"21":{"start":{"line":49,"column":6},"end":{"line":49,"column":37}},"22":{"start":{"line":51,"column":6},"end":{"line":51,"column":40}}},"fnMap":{"0":{"name":"searchArtist","decl":{"start":{"line":6,"column":16},"end":{"line":6,"column":28}},"loc":{"start":{"line":6,"column":42},"end":{"line":20,"column":1}},"line":6},"1":{"name":"(anonymous_1)","decl":{"start":{"line":7,"column":9},"end":{"line":7,"column":10}},"loc":{"start":{"line":7,"column":27},"end":{"line":19,"column":3}},"line":7},"2":{"name":"getAlbums","decl":{"start":{"line":22,"column":16},"end":{"line":22,"column":25}},"loc":{"start":{"line":22,"column":36},"end":{"line":37,"column":1}},"line":22},"3":{"name":"(anonymous_3)","decl":{"start":{"line":23,"column":9},"end":{"line":23,"column":10}},"loc":{"start":{"line":23,"column":27},"end":{"line":36,"column":3}},"line":23},"4":{"name":"getTracks","decl":{"start":{"line":39,"column":16},"end":{"line":39,"column":25}},"loc":{"start":{"line":39,"column":35},"end":{"line":54,"column":1}},"line":39},"5":{"name":"(anonymous_5)","decl":{"start":{"line":40,"column":9},"end":{"line":40,"column":10}},"loc":{"start":{"line":40,"column":27},"end":{"line":53,"column":3}},"line":40}},"branchMap":{},"s":{"0":2,"1":2,"2":2,"3":2,"4":1,"5":1,"6":2,"7":2,"8":2,"9":2,"10":2,"11":1,"12":1,"13":1,"14":2,"15":2,"16":2,"17":2,"18":2,"19":1,"20":1,"21":1,"22":2},"f":{"0":2,"1":2,"2":2,"3":2,"4":2,"5":2},"b":{},"_coverageSchema":"1a1c01bbd47fc00a2c39e90264f33305004495a9","hash":"aea18e654f59dd0cb72f6e39c539c8c6fb5e65f6"}
,"C:\\Users\\User\\Documents\\GitHub\\MusicCatalog\\src\\modules\\Notifications\\actions\\index.js": {"path":"C:\\Users\\User\\Documents\\GitHub\\MusicCatalog\\src\\modules\\Notifications\\actions\\index.js","statementMap":{"0":{"start":{"line":3,"column":32},"end":{"line":6,"column":2}},"1":{"start":{"line":3,"column":46},"end":{"line":6,"column":1}},"2":{"start":{"line":8,"column":30},"end":{"line":8,"column":87}},"3":{"start":{"line":8,"column":42},"end":{"line":8,"column":86}}},"fnMap":{"0":{"name":"(anonymous_0)","decl":{"start":{"line":3,"column":32},"end":{"line":3,"column":33}},"loc":{"start":{"line":3,"column":46},"end":{"line":6,"column":1}},"line":3},"1":{"name":"(anonymous_1)","decl":{"start":{"line":8,"column":30},"end":{"line":8,"column":31}},"loc":{"start":{"line":8,"column":42},"end":{"line":8,"column":86}},"line":8}},"branchMap":{},"s":{"0":1,"1":1,"2":1,"3":1},"f":{"0":1,"1":1},"b":{},"_coverageSchema":"1a1c01bbd47fc00a2c39e90264f33305004495a9","hash":"1131222f83bf2ec868e8a9db94853a7723e952e6"}
,"C:\\Users\\User\\Documents\\GitHub\\MusicCatalog\\src\\modules\\Notifications\\reducers\\index.js": {"path":"C:\\Users\\User\\Documents\\GitHub\\MusicCatalog\\src\\modules\\Notifications\\reducers\\index.js","statementMap":{"0":{"start":{"line":3,"column":29},"end":{"line":6,"column":1}},"1":{"start":{"line":8,"column":35},"end":{"line":25,"column":1}},"2":{"start":{"line":9,"column":2},"end":{"line":24,"column":3}},"3":{"start":{"line":11,"column":6},"end":{"line":14,"column":8}},"4":{"start":{"line":17,"column":6},"end":{"line":20,"column":8}},"5":{"start":{"line":23,"column":6},"end":{"line":23,"column":19}}},"fnMap":{"0":{"name":"(anonymous_0)","decl":{"start":{"line":8,"column":35},"end":{"line":8,"column":36}},"loc":{"start":{"line":8,"column":70},"end":{"line":25,"column":1}},"line":8}},"branchMap":{"0":{"loc":{"start":{"line":8,"column":36},"end":{"line":8,"column":57}},"type":"default-arg","locations":[{"start":{"line":8,"column":44},"end":{"line":8,"column":57}}],"line":8},"1":{"loc":{"start":{"line":9,"column":2},"end":{"line":24,"column":3}},"type":"switch","locations":[{"start":{"line":10,"column":4},"end":{"line":15,"column":5}},{"start":{"line":16,"column":4},"end":{"line":21,"column":5}},{"start":{"line":22,"column":4},"end":{"line":23,"column":19}}],"line":9}},"s":{"0":1,"1":1,"2":3,"3":1,"4":1,"5":1},"f":{"0":3},"b":{"0":[0],"1":[1,1,1]},"_coverageSchema":"1a1c01bbd47fc00a2c39e90264f33305004495a9","hash":"8fab8ec88c92bd64aa1dee8f88b4adf1507dff6b"}
,"C:\\Users\\User\\Documents\\GitHub\\MusicCatalog\\src\\modules\\Notifications\\selectors\\index.js": {"path":"C:\\Users\\User\\Documents\\GitHub\\MusicCatalog\\src\\modules\\Notifications\\selectors\\index.js","statementMap":{"0":{"start":{"line":1,"column":31},"end":{"line":1,"column":75}},"1":{"start":{"line":1,"column":40},"end":{"line":1,"column":75}},"2":{"start":{"line":3,"column":29},"end":{"line":3,"column":71}},"3":{"start":{"line":3,"column":38},"end":{"line":3,"column":71}}},"fnMap":{"0":{"name":"(anonymous_0)","decl":{"start":{"line":1,"column":31},"end":{"line":1,"column":32}},"loc":{"start":{"line":1,"column":40},"end":{"line":1,"column":75}},"line":1},"1":{"name":"(anonymous_1)","decl":{"start":{"line":3,"column":29},"end":{"line":3,"column":30}},"loc":{"start":{"line":3,"column":38},"end":{"line":3,"column":71}},"line":3}},"branchMap":{},"s":{"0":1,"1":1,"2":1,"3":1},"f":{"0":1,"1":1},"b":{},"_coverageSchema":"1a1c01bbd47fc00a2c39e90264f33305004495a9","hash":"37001f4f9306aea345c89ee03123cb4de787515a"}
,"C:\\Users\\User\\Documents\\GitHub\\MusicCatalog\\src\\requests\\getSpecificAlbums.js": {"path":"C:\\Users\\User\\Documents\\GitHub\\MusicCatalog\\src\\requests\\getSpecificAlbums.js","statementMap":{"0":{"start":{"line":1,"column":33},"end":{"line":9,"column":1}},"1":{"start":{"line":2,"column":2},"end":{"line":8,"column":3}},"2":{"start":{"line":3,"column":21},"end":{"line":3,"column":95}},"3":{"start":{"line":5,"column":4},"end":{"line":5,"column":27}},"4":{"start":{"line":7,"column":4},"end":{"line":7,"column":34}},"5":{"start":{"line":7,"column":13},"end":{"line":7,"column":33}}},"fnMap":{"0":{"name":"(anonymous_0)","decl":{"start":{"line":1,"column":33},"end":{"line":1,"column":34}},"loc":{"start":{"line":1,"column":51},"end":{"line":9,"column":1}},"line":1},"1":{"name":"(anonymous_1)","decl":{"start":{"line":7,"column":4},"end":{"line":7,"column":5}},"loc":{"start":{"line":7,"column":13},"end":{"line":7,"column":33}},"line":7}},"branchMap":{},"s":{"0":1,"1":0,"2":0,"3":0,"4":0,"5":0},"f":{"0":0,"1":0},"b":{},"_coverageSchema":"1a1c01bbd47fc00a2c39e90264f33305004495a9","hash":"571ddf490574123aa8a26790325d0c5a4a84b6f8"}
,"C:\\Users\\User\\Documents\\GitHub\\MusicCatalog\\src\\requests\\getSpecificTracks.js": {"path":"C:\\Users\\User\\Documents\\GitHub\\MusicCatalog\\src\\requests\\getSpecificTracks.js","statementMap":{"0":{"start":{"line":1,"column":33},"end":{"line":9,"column":1}},"1":{"start":{"line":2,"column":2},"end":{"line":8,"column":3}},"2":{"start":{"line":3,"column":21},"end":{"line":3,"column":93}},"3":{"start":{"line":5,"column":4},"end":{"line":5,"column":27}},"4":{"start":{"line":7,"column":4},"end":{"line":7,"column":34}},"5":{"start":{"line":7,"column":13},"end":{"line":7,"column":33}}},"fnMap":{"0":{"name":"(anonymous_0)","decl":{"start":{"line":1,"column":33},"end":{"line":1,"column":34}},"loc":{"start":{"line":1,"column":50},"end":{"line":9,"column":1}},"line":1},"1":{"name":"(anonymous_1)","decl":{"start":{"line":7,"column":4},"end":{"line":7,"column":5}},"loc":{"start":{"line":7,"column":13},"end":{"line":7,"column":33}},"line":7}},"branchMap":{},"s":{"0":1,"1":0,"2":0,"3":0,"4":0,"5":0},"f":{"0":0,"1":0},"b":{},"_coverageSchema":"1a1c01bbd47fc00a2c39e90264f33305004495a9","hash":"5650c90861478d25e73c11dbc0ae71b24f7b8321"}
,"C:\\Users\\User\\Documents\\GitHub\\MusicCatalog\\src\\requests\\searchArtists.js": {"path":"C:\\Users\\User\\Documents\\GitHub\\MusicCatalog\\src\\requests\\searchArtists.js","statementMap":{"0":{"start":{"line":1,"column":29},"end":{"line":10,"column":1}},"1":{"start":{"line":2,"column":2},"end":{"line":9,"column":3}},"2":{"start":{"line":3,"column":21},"end":{"line":5,"column":5}},"3":{"start":{"line":6,"column":4},"end":{"line":6,"column":27}},"4":{"start":{"line":8,"column":4},"end":{"line":8,"column":34}},"5":{"start":{"line":8,"column":13},"end":{"line":8,"column":33}}},"fnMap":{"0":{"name":"(anonymous_0)","decl":{"start":{"line":1,"column":29},"end":{"line":1,"column":30}},"loc":{"start":{"line":1,"column":50},"end":{"line":10,"column":1}},"line":1},"1":{"name":"(anonymous_1)","decl":{"start":{"line":8,"column":4},"end":{"line":8,"column":5}},"loc":{"start":{"line":8,"column":13},"end":{"line":8,"column":33}},"line":8}},"branchMap":{},"s":{"0":1,"1":0,"2":0,"3":0,"4":0,"5":0},"f":{"0":0,"1":0},"b":{},"_coverageSchema":"1a1c01bbd47fc00a2c39e90264f33305004495a9","hash":"04f5449954b61a0f3289cc5e5072d22cfb4b08df"}
}
