TN:
SF:src\constants\actionsTypes.js
FNF:0
FNH:0
DA:1,3
DA:3,3
DA:5,3
DA:7,3
DA:9,3
LF:5
LH:5
BRF:0
BRH:0
end_of_record
TN:
SF:src\modules\Artists\actions\index.js
FN:9,(anonymous_0)
FN:17,(anonymous_1)
FN:24,(anonymous_2)
FN:32,(anonymous_3)
FN:37,(anonymous_4)
FNF:5
FNH:5
FNDA:3,(anonymous_0)
FNDA:3,(anonymous_1)
FNDA:3,(anonymous_2)
FNDA:24,(anonymous_3)
FNDA:6,(anonymous_4)
DA:9,3
DA:17,2
DA:18,3
DA:24,3
DA:32,24
DA:37,6
LF:6
LH:6
BRF:0
BRH:0
end_of_record
TN:
SF:src\modules\Artists\reducers\index.js
FN:9,(anonymous_0)
FNF:1
FNH:1
FNDA:4,(anonymous_0)
DA:3,1
DA:9,1
DA:10,4
DA:12,1
DA:17,1
DA:19,1
DA:25,1
DA:27,1
DA:33,1
LF:9
LH:9
BRDA:9,0,0,0
BRDA:10,1,0,1
BRDA:10,1,1,1
BRDA:10,1,2,1
BRDA:10,1,3,1
BRF:5
BRH:4
end_of_record
TN:
SF:src\modules\Artists\selectors\index.js
FN:1,(anonymous_0)
FN:3,(anonymous_1)
FN:3,(anonymous_2)
FN:5,(anonymous_3)
FN:5,(anonymous_4)
FNF:5
FNH:5
FNDA:1,(anonymous_0)
FNDA:1,(anonymous_1)
FNDA:1,(anonymous_2)
FNDA:1,(anonymous_3)
FNDA:1,(anonymous_4)
DA:1,1
DA:3,1
DA:5,1
LF:3
LH:3
BRF:0
BRH:0
end_of_record
TN:
SF:src\modules\Artists\thunks\index.js
FN:6,searchArtist
FN:7,(anonymous_1)
FN:22,getAlbums
FN:23,(anonymous_3)
FN:39,getTracks
FN:40,(anonymous_5)
FNF:6
FNH:6
FNDA:2,searchArtist
FNDA:2,(anonymous_1)
FNDA:2,getAlbums
FNDA:2,(anonymous_3)
FNDA:2,getTracks
FNDA:2,(anonymous_5)
DA:7,2
DA:8,2
DA:9,2
DA:11,2
DA:13,1
DA:15,1
DA:17,2
DA:23,2
DA:24,2
DA:25,2
DA:27,2
DA:28,1
DA:30,1
DA:32,1
DA:34,2
DA:40,2
DA:41,2
DA:42,2
DA:44,2
DA:45,1
DA:47,1
DA:49,1
DA:51,2
LF:23
LH:23
BRF:0
BRH:0
end_of_record
TN:
SF:src\modules\Notifications\actions\index.js
FN:3,(anonymous_0)
FN:8,(anonymous_1)
FNF:2
FNH:2
FNDA:1,(anonymous_0)
FNDA:1,(anonymous_1)
DA:3,1
DA:8,1
LF:2
LH:2
BRF:0
BRH:0
end_of_record
TN:
SF:src\modules\Notifications\reducers\index.js
FN:8,(anonymous_0)
FNF:1
FNH:1
FNDA:3,(anonymous_0)
DA:3,1
DA:8,1
DA:9,3
DA:11,1
DA:17,1
DA:23,1
LF:6
LH:6
BRDA:8,0,0,0
BRDA:9,1,0,1
BRDA:9,1,1,1
BRDA:9,1,2,1
BRF:4
BRH:3
end_of_record
TN:
SF:src\modules\Notifications\selectors\index.js
FN:1,(anonymous_0)
FN:3,(anonymous_1)
FNF:2
FNH:2
FNDA:1,(anonymous_0)
FNDA:1,(anonymous_1)
DA:1,1
DA:3,1
LF:2
LH:2
BRF:0
BRH:0
end_of_record
TN:
SF:src\requests\getSpecificAlbums.js
FN:1,(anonymous_0)
FN:7,(anonymous_1)
FNF:2
FNH:0
FNDA:0,(anonymous_0)
FNDA:0,(anonymous_1)
DA:1,1
DA:2,0
DA:3,0
DA:5,0
DA:7,0
LF:5
LH:1
BRF:0
BRH:0
end_of_record
TN:
SF:src\requests\getSpecificTracks.js
FN:1,(anonymous_0)
FN:7,(anonymous_1)
FNF:2
FNH:0
FNDA:0,(anonymous_0)
FNDA:0,(anonymous_1)
DA:1,1
DA:2,0
DA:3,0
DA:5,0
DA:7,0
LF:5
LH:1
BRF:0
BRH:0
end_of_record
TN:
SF:src\requests\searchArtists.js
FN:1,(anonymous_0)
FN:8,(anonymous_1)
FNF:2
FNH:0
FNDA:0,(anonymous_0)
FNDA:0,(anonymous_1)
DA:1,1
DA:2,0
DA:3,0
DA:6,0
DA:8,0
LF:5
LH:1
BRF:0
BRH:0
end_of_record
